2013/10/23 18:24:58 [error] [system.db.CDbCommand] CDbCommand::fetchAll() failed: SQLSTATE[42S02]: Base table or view not found: 1146 Table 'advertisement_simulator.tbl_migration' doesn't exist. The SQL statement executed was: SHOW FULL COLUMNS FROM `tbl_migration`.
2013/10/24 11:01:42 [error] [exception.CHttpException.404] exception 'CHttpException' with message 'Unable to resolve the request "admin/team".' in /var/www/advertisement_simulator/yii/framework/web/CWebApplication.php:286
Stack trace:
#0 /var/www/advertisement_simulator/yii/framework/web/CWebApplication.php(141): CWebApplication->runController('admin/team')
#1 /var/www/advertisement_simulator/yii/framework/base/CApplication.php(180): CWebApplication->processRequest()
#2 /var/www/advertisement_simulator/index.php(11): CApplication->run()
#3 {main}
REQUEST_URI=/advertisement_simulator/admin/team
---
2013/10/24 11:01:50 [error] [exception.CHttpException.404] exception 'CHttpException' with message 'Unable to resolve the request "admin/team/index".' in /var/www/advertisement_simulator/yii/framework/web/CWebApplication.php:286
Stack trace:
#0 /var/www/advertisement_simulator/yii/framework/web/CWebApplication.php(141): CWebApplication->runController('admin/team/inde...')
#1 /var/www/advertisement_simulator/yii/framework/base/CApplication.php(180): CWebApplication->processRequest()
#2 /var/www/advertisement_simulator/index.php(11): CApplication->run()
#3 {main}
REQUEST_URI=/advertisement_simulator/admin/team/index
---
2013/10/24 11:03:41 [error] [exception.CHttpException.404] exception 'CHttpException' with message 'Unable to resolve the request "admin/team/index".' in /var/www/advertisement_simulator/yii/framework/web/CWebApplication.php:286
Stack trace:
#0 /var/www/advertisement_simulator/yii/framework/web/CWebApplication.php(141): CWebApplication->runController('admin/team/inde...')
#1 /var/www/advertisement_simulator/yii/framework/base/CApplication.php(180): CWebApplication->processRequest()
#2 /var/www/advertisement_simulator/index.php(11): CApplication->run()
#3 {main}
REQUEST_URI=/advertisement_simulator/admin/team/index
HTTP_REFERER=http://localhost/advertisement_simulator/
---
2013/10/24 11:03:56 [error] [exception.CHttpException.404] exception 'CHttpException' with message 'Unable to resolve the request "admin/team/index".' in /var/www/advertisement_simulator/yii/framework/web/CWebApplication.php:286
Stack trace:
#0 /var/www/advertisement_simulator/yii/framework/web/CWebApplication.php(141): CWebApplication->runController('admin/team/inde...')
#1 /var/www/advertisement_simulator/yii/framework/base/CApplication.php(180): CWebApplication->processRequest()
#2 /var/www/advertisement_simulator/index.php(11): CApplication->run()
#3 {main}
REQUEST_URI=/advertisement_simulator/index.php/admin/team/index
HTTP_REFERER=http://localhost/advertisement_simulator/
---
2013/10/24 11:07:51 [error] [exception.CHttpException.404] exception 'CHttpException' with message 'Unable to resolve the request "admin/team/index".' in /var/www/advertisement_simulator/yii/framework/web/CWebApplication.php:286
Stack trace:
#0 /var/www/advertisement_simulator/yii/framework/web/CWebApplication.php(141): CWebApplication->runController('admin/team/inde...')
#1 /var/www/advertisement_simulator/yii/framework/base/CApplication.php(180): CWebApplication->processRequest()
#2 /var/www/advertisement_simulator/index.php(11): CApplication->run()
#3 {main}
REQUEST_URI=/advertisement_simulator/admin/team/index
HTTP_REFERER=http://localhost/advertisement_simulator/
---
2013/10/24 11:09:10 [error] [exception.CException] exception 'CException' with message 'The layout path "/var/www/advertisement_simulator/protected/modules/views/layouts" is not a valid directory.' in /var/www/advertisement_simulator/yii/framework/web/CWebModule.php:161
Stack trace:
#0 /var/www/advertisement_simulator/yii/framework/base/CComponent.php(152): CWebModule->setLayoutPath('/var/www/advert...')
#1 /var/www/advertisement_simulator/protected/modules/admin/AdminModule.php(6): CComponent->__set('layoutPath', '/var/www/advert...')
#2 /var/www/advertisement_simulator/yii/framework/base/CModule.php(90): AdminModule->init()
#3 /var/www/advertisement_simulator/yii/framework/YiiBase.php(206): CModule->__construct('admin', NULL, Array)
#4 /var/www/advertisement_simulator/yii/framework/base/CModule.php(282): YiiBase::createComponent('admin.AdminModu...', 'admin', NULL, Array)
#5 /var/www/advertisement_simulator/yii/framework/web/CWebApplication.php(337): CModule->getModule('admin')
#6 /var/www/advertisement_simulator/yii/framework/web/CWebApplication.php(276): CWebApplication->createController('admin/team/inde...')
#7 /var/www/advertisement_simulator/yii/framework/web/CWebApplication.php(141): CWebApplication->runController('admin/team/inde...')
#8 /var/www/advertisement_simulator/yii/framework/base/CApplication.php(180): CWebApplication->processRequest()
#9 /var/www/advertisement_simulator/index.php(11): CApplication->run()
#10 {main}
REQUEST_URI=/advertisement_simulator/admin/team/index
HTTP_REFERER=http://localhost/advertisement_simulator/
---
2013/10/24 11:09:44 [error] [exception.CException] exception 'CException' with message 'Property "Team.isNewRcord" is not defined.' in /var/www/advertisement_simulator/yii/framework/base/CComponent.php:130
Stack trace:
#0 /var/www/advertisement_simulator/yii/framework/db/ar/CActiveRecord.php(145): CComponent->__get('isNewRcord')
#1 /var/www/advertisement_simulator/protected/modules/admin/views/team/_form.php(29): CActiveRecord->__get('isNewRcord')
#2 /var/www/advertisement_simulator/yii/framework/web/CBaseController.php(126): require('/var/www/advert...')
#3 /var/www/advertisement_simulator/yii/framework/web/CBaseController.php(95): CBaseController->renderInternal('/var/www/advert...', Array, true)
#4 /var/www/advertisement_simulator/yii/framework/web/CController.php(869): CBaseController->renderFile('/var/www/advert...', Array, true)
#5 /var/www/advertisement_simulator/protected/modules/admin/views/team/index.php(6): CController->renderPartial('_form', Array)
#6 /var/www/advertisement_simulator/yii/framework/web/CBaseController.php(126): require('/var/www/advert...')
#7 /var/www/advertisement_simulator/yii/framework/web/CBaseController.php(95): CBaseController->renderInternal('/var/www/advert...', Array, true)
#8 /var/www/advertisement_simulator/yii/framework/web/CController.php(869): CBaseController->renderFile('/var/www/advert...', Array, true)
#9 /var/www/advertisement_simulator/yii/framework/web/CController.php(782): CController->renderPartial('index', Array, true)
#10 /var/www/advertisement_simulator/protected/modules/admin/controllers/TeamController.php(22): CController->render('index', Array)
#11 [internal function]: TeamController->actionIndex('')
#12 /var/www/advertisement_simulator/yii/framework/web/actions/CAction.php(108): ReflectionMethod->invokeArgs(Object(TeamController), Array)
#13 /var/www/advertisement_simulator/yii/framework/web/actions/CInlineAction.php(47): CAction->runWithParamsInternal(Object(TeamController), Object(ReflectionMethod), Array)
#14 /var/www/advertisement_simulator/yii/framework/web/CController.php(308): CInlineAction->runWithParams(Array)
#15 /var/www/advertisement_simulator/yii/framework/web/CController.php(286): CController->runAction(Object(CInlineAction))
#16 /var/www/advertisement_simulator/yii/framework/web/CController.php(265): CController->runActionWithFilters(Object(CInlineAction), Array)
#17 /var/www/advertisement_simulator/yii/framework/web/CWebApplication.php(282): CController->run('index')
#18 /var/www/advertisement_simulator/yii/framework/web/CWebApplication.php(141): CWebApplication->runController('admin/team/inde...')
#19 /var/www/advertisement_simulator/yii/framework/base/CApplication.php(180): CWebApplication->processRequest()
#20 /var/www/advertisement_simulator/index.php(11): CApplication->run()
#21 {main}
REQUEST_URI=/advertisement_simulator/admin/team/index
HTTP_REFERER=http://localhost/advertisement_simulator/
---
2013/10/24 11:34:23 [error] [exception.CException] exception 'CException' with message 'Property "AdvertisementType.password" is not defined.' in /var/www/advertisement_simulator/yii/framework/base/CComponent.php:130
Stack trace:
#0 /var/www/advertisement_simulator/yii/framework/db/ar/CActiveRecord.php(145): CComponent->__get('password')
#1 /var/www/advertisement_simulator/protected/modules/admin/controllers/AdvertisementTypeController.php(13): CActiveRecord->__get('password')
#2 [internal function]: AdvertisementTypeController->actionIndex('')
#3 /var/www/advertisement_simulator/yii/framework/web/actions/CAction.php(108): ReflectionMethod->invokeArgs(Object(AdvertisementTypeController), Array)
#4 /var/www/advertisement_simulator/yii/framework/web/actions/CInlineAction.php(47): CAction->runWithParamsInternal(Object(AdvertisementTypeController), Object(ReflectionMethod), Array)
#5 /var/www/advertisement_simulator/yii/framework/web/CController.php(308): CInlineAction->runWithParams(Array)
#6 /var/www/advertisement_simulator/yii/framework/web/CController.php(286): CController->runAction(Object(CInlineAction))
#7 /var/www/advertisement_simulator/yii/framework/web/CController.php(265): CController->runActionWithFilters(Object(CInlineAction), Array)
#8 /var/www/advertisement_simulator/yii/framework/web/CWebApplication.php(282): CController->run('index')
#9 /var/www/advertisement_simulator/yii/framework/web/CWebApplication.php(141): CWebApplication->runController('admin/advertise...')
#10 /var/www/advertisement_simulator/yii/framework/base/CApplication.php(180): CWebApplication->processRequest()
#11 /var/www/advertisement_simulator/index.php(11): CApplication->run()
#12 {main}
REQUEST_URI=/advertisement_simulator/admin/advertisementType/index
HTTP_REFERER=http://localhost/advertisement_simulator/admin/advertisementType/index
---
2013/10/24 11:34:32 [error] [exception.CException] exception 'CException' with message 'AdvertisementType and its behaviors do not have a method or closure named "beforSave".' in /var/www/advertisement_simulator/yii/framework/base/CComponent.php:266
Stack trace:
#0 /var/www/advertisement_simulator/yii/framework/db/ar/CActiveRecord.php(227): CComponent->__call('beforSave', Array)
#1 /var/www/advertisement_simulator/protected/models/AdvertisementType.php(67): CActiveRecord->__call('beforSave', Array)
#2 /var/www/advertisement_simulator/protected/models/AdvertisementType.php(67): CActiveRecord->beforSave()
#3 /var/www/advertisement_simulator/yii/framework/db/ar/CActiveRecord.php(1071): AdvertisementType->beforeSave()
#4 /var/www/advertisement_simulator/yii/framework/db/ar/CActiveRecord.php(806): CActiveRecord->insert(NULL)
#5 /var/www/advertisement_simulator/protected/modules/admin/controllers/AdvertisementTypeController.php(12): CActiveRecord->save()
#6 [internal function]: AdvertisementTypeController->actionIndex('')
#7 /var/www/advertisement_simulator/yii/framework/web/actions/CAction.php(108): ReflectionMethod->invokeArgs(Object(AdvertisementTypeController), Array)
#8 /var/www/advertisement_simulator/yii/framework/web/actions/CInlineAction.php(47): CAction->runWithParamsInternal(Object(AdvertisementTypeController), Object(ReflectionMethod), Array)
#9 /var/www/advertisement_simulator/yii/framework/web/CController.php(308): CInlineAction->runWithParams(Array)
#10 /var/www/advertisement_simulator/yii/framework/web/CController.php(286): CController->runAction(Object(CInlineAction))
#11 /var/www/advertisement_simulator/yii/framework/web/CController.php(265): CController->runActionWithFilters(Object(CInlineAction), Array)
#12 /var/www/advertisement_simulator/yii/framework/web/CWebApplication.php(282): CController->run('index')
#13 /var/www/advertisement_simulator/yii/framework/web/CWebApplication.php(141): CWebApplication->runController('admin/advertise...')
#14 /var/www/advertisement_simulator/yii/framework/base/CApplication.php(180): CWebApplication->processRequest()
#15 /var/www/advertisement_simulator/index.php(11): CApplication->run()
#16 {main}
REQUEST_URI=/advertisement_simulator/admin/advertisementType/index
HTTP_REFERER=http://localhost/advertisement_simulator/admin/advertisementType/index
---
2013/10/24 11:54:56 [error] [php] Undefined index: deadline_wrapper (/var/www/advertisement_simulator/protected/modules/admin/controllers/AdvertisementUnitController.php:12)
Stack trace:
#0 /var/www/advertisement_simulator/yii/framework/web/actions/CInlineAction.php(47): CInlineAction->runWithParamsInternal()
#1 /var/www/advertisement_simulator/yii/framework/web/CController.php(308): CInlineAction->runWithParams()
#2 /var/www/advertisement_simulator/yii/framework/web/CController.php(286): AdvertisementUnitController->runAction()
#3 /var/www/advertisement_simulator/yii/framework/web/CController.php(265): AdvertisementUnitController->runActionWithFilters()
#4 /var/www/advertisement_simulator/yii/framework/web/CWebApplication.php(282): AdvertisementUnitController->run()
#5 /var/www/advertisement_simulator/yii/framework/web/CWebApplication.php(141): CWebApplication->runController()
#6 /var/www/advertisement_simulator/yii/framework/base/CApplication.php(180): CWebApplication->processRequest()
#7 /var/www/advertisement_simulator/index.php(11): CWebApplication->run()
REQUEST_URI=/advertisement_simulator/admin/advertisementUnit/index
in /var/www/advertisement_simulator/protected/modules/admin/controllers/AdvertisementUnitController.php (12)
in /var/www/advertisement_simulator/index.php (11)
2013/10/24 12:09:10 [error] [exception.CHttpException.404] exception 'CHttpException' with message 'Unable to resolve the request "images/bg2.png".' in /var/www/advertisement_simulator/yii/framework/web/CWebApplication.php:286
Stack trace:
#0 /var/www/advertisement_simulator/yii/framework/web/CWebApplication.php(141): CWebApplication->runController('images/bg2.png')
#1 /var/www/advertisement_simulator/yii/framework/base/CApplication.php(180): CWebApplication->processRequest()
#2 /var/www/advertisement_simulator/index.php(11): CApplication->run()
#3 {main}
REQUEST_URI=/advertisement_simulator/images/bg2.png
HTTP_REFERER=http://localhost/advertisement_simulator/
---
2013/10/24 12:09:19 [error] [exception.CHttpException.404] exception 'CHttpException' with message 'Unable to resolve the request "images/bg2.png".' in /var/www/advertisement_simulator/yii/framework/web/CWebApplication.php:286
Stack trace:
#0 /var/www/advertisement_simulator/yii/framework/web/CWebApplication.php(141): CWebApplication->runController('images/bg2.png')
#1 /var/www/advertisement_simulator/yii/framework/base/CApplication.php(180): CWebApplication->processRequest()
#2 /var/www/advertisement_simulator/index.php(11): CApplication->run()
#3 {main}
REQUEST_URI=/advertisement_simulator/images/bg2.png
HTTP_REFERER=http://localhost/advertisement_simulator/
---
2013/10/24 12:23:12 [warning] [application] Failed to set unsafe attribute "username" of "LoginForm".
in /var/www/advertisement_simulator/protected/controllers/SiteController.php (92)
in /var/www/advertisement_simulator/index.php (11)
2013/10/24 12:23:12 [error] [exception.CException] exception 'CException' with message 'Property "LoginForm.username" is not defined.' in /var/www/advertisement_simulator/yii/framework/base/CComponent.php:130
Stack trace:
#0 /var/www/advertisement_simulator/yii/framework/web/helpers/CHtml.php(2529): CComponent->__get('username')
#1 /var/www/advertisement_simulator/yii/framework/web/helpers/CHtml.php(2252): CHtml::resolveValue(Object(LoginForm), 'username')
#2 /var/www/advertisement_simulator/yii/framework/web/helpers/CHtml.php(1434): CHtml::activeInputField('text', Object(LoginForm), 'username', Array)
#3 /var/www/advertisement_simulator/yii/framework/web/widgets/CActiveForm.php(725): CHtml::activeTextField(Object(LoginForm), 'username', Array)
#4 /var/www/advertisement_simulator/protected/views/site/login.php(19): CActiveForm->textField(Object(LoginForm), 'username')
#5 /var/www/advertisement_simulator/yii/framework/web/CBaseController.php(126): require('/var/www/advert...')
#6 /var/www/advertisement_simulator/yii/framework/web/CBaseController.php(95): CBaseController->renderInternal('/var/www/advert...', Array, true)
#7 /var/www/advertisement_simulator/yii/framework/web/CController.php(869): CBaseController->renderFile('/var/www/advert...', Array, true)
#8 /var/www/advertisement_simulator/yii/framework/web/CController.php(782): CController->renderPartial('login', Array, true)
#9 /var/www/advertisement_simulator/protected/controllers/SiteController.php(98): CController->render('login', Array)
#10 /var/www/advertisement_simulator/yii/framework/web/actions/CInlineAction.php(49): SiteController->actionLogin()
#11 /var/www/advertisement_simulator/yii/framework/web/CController.php(308): CInlineAction->runWithParams(Array)
#12 /var/www/advertisement_simulator/yii/framework/web/CController.php(286): CController->runAction(Object(CInlineAction))
#13 /var/www/advertisement_simulator/yii/framework/web/CController.php(265): CController->runActionWithFilters(Object(CInlineAction), Array)
#14 /var/www/advertisement_simulator/yii/framework/web/CWebApplication.php(282): CController->run('login')
#15 /var/www/advertisement_simulator/yii/framework/web/CWebApplication.php(141): CWebApplication->runController('site/login')
#16 /var/www/advertisement_simulator/yii/framework/base/CApplication.php(180): CWebApplication->processRequest()
#17 /var/www/advertisement_simulator/index.php(11): CApplication->run()
#18 {main}
REQUEST_URI=/advertisement_simulator/site/login
HTTP_REFERER=http://localhost/advertisement_simulator/site/login
---
2013/10/24 12:23:29 [warning] [application] Failed to set unsafe attribute "username" of "LoginForm".
in /var/www/advertisement_simulator/protected/controllers/SiteController.php (92)
in /var/www/advertisement_simulator/index.php (11)
2013/10/24 12:23:29 [error] [exception.CException] exception 'CException' with message 'Property "LoginForm.username" is not defined.' in /var/www/advertisement_simulator/yii/framework/base/CComponent.php:130
Stack trace:
#0 /var/www/advertisement_simulator/yii/framework/web/helpers/CHtml.php(2529): CComponent->__get('username')
#1 /var/www/advertisement_simulator/yii/framework/web/helpers/CHtml.php(2252): CHtml::resolveValue(Object(LoginForm), 'username')
#2 /var/www/advertisement_simulator/yii/framework/web/helpers/CHtml.php(1434): CHtml::activeInputField('text', Object(LoginForm), 'username', Array)
#3 /var/www/advertisement_simulator/yii/framework/web/widgets/CActiveForm.php(725): CHtml::activeTextField(Object(LoginForm), 'username', Array)
#4 /var/www/advertisement_simulator/protected/views/site/login.php(19): CActiveForm->textField(Object(LoginForm), 'username')
#5 /var/www/advertisement_simulator/yii/framework/web/CBaseController.php(126): require('/var/www/advert...')
#6 /var/www/advertisement_simulator/yii/framework/web/CBaseController.php(95): CBaseController->renderInternal('/var/www/advert...', Array, true)
#7 /var/www/advertisement_simulator/yii/framework/web/CController.php(869): CBaseController->renderFile('/var/www/advert...', Array, true)
#8 /var/www/advertisement_simulator/yii/framework/web/CController.php(782): CController->renderPartial('login', Array, true)
#9 /var/www/advertisement_simulator/protected/controllers/SiteController.php(98): CController->render('login', Array)
#10 /var/www/advertisement_simulator/yii/framework/web/actions/CInlineAction.php(49): SiteController->actionLogin()
#11 /var/www/advertisement_simulator/yii/framework/web/CController.php(308): CInlineAction->runWithParams(Array)
#12 /var/www/advertisement_simulator/yii/framework/web/CController.php(286): CController->runAction(Object(CInlineAction))
#13 /var/www/advertisement_simulator/yii/framework/web/CController.php(265): CController->runActionWithFilters(Object(CInlineAction), Array)
#14 /var/www/advertisement_simulator/yii/framework/web/CWebApplication.php(282): CController->run('login')
#15 /var/www/advertisement_simulator/yii/framework/web/CWebApplication.php(141): CWebApplication->runController('site/login')
#16 /var/www/advertisement_simulator/yii/framework/base/CApplication.php(180): CWebApplication->processRequest()
#17 /var/www/advertisement_simulator/index.php(11): CApplication->run()
#18 {main}
REQUEST_URI=/advertisement_simulator/site/login
HTTP_REFERER=http://localhost/advertisement_simulator/site/login
---
2013/10/24 12:25:03 [error] [exception.CException] exception 'CException' with message 'TeamController cannot find the requested view "/shared/_top_big_nav".' in /var/www/advertisement_simulator/yii/framework/web/CController.php:878
Stack trace:
#0 /var/www/advertisement_simulator/protected/views/layouts/main.php(39): CController->renderPartial('/shared/_top_bi...')
#1 /var/www/advertisement_simulator/yii/framework/web/CBaseController.php(126): require('/var/www/advert...')
#2 /var/www/advertisement_simulator/yii/framework/web/CBaseController.php(95): CBaseController->renderInternal('/var/www/advert...', Array, true)
#3 /var/www/advertisement_simulator/yii/framework/web/CController.php(784): CBaseController->renderFile('/var/www/advert...', Array, true)
#4 /var/www/advertisement_simulator/protected/modules/admin/controllers/TeamController.php(22): CController->render('index', Array)
#5 [internal function]: TeamController->actionIndex('')
#6 /var/www/advertisement_simulator/yii/framework/web/actions/CAction.php(108): ReflectionMethod->invokeArgs(Object(TeamController), Array)
#7 /var/www/advertisement_simulator/yii/framework/web/actions/CInlineAction.php(47): CAction->runWithParamsInternal(Object(TeamController), Object(ReflectionMethod), Array)
#8 /var/www/advertisement_simulator/yii/framework/web/CController.php(308): CInlineAction->runWithParams(Array)
#9 /var/www/advertisement_simulator/yii/framework/web/CController.php(286): CController->runAction(Object(CInlineAction))
#10 /var/www/advertisement_simulator/yii/framework/web/CController.php(265): CController->runActionWithFilters(Object(CInlineAction), Array)
#11 /var/www/advertisement_simulator/yii/framework/web/CWebApplication.php(282): CController->run('index')
#12 /var/www/advertisement_simulator/yii/framework/web/CWebApplication.php(141): CWebApplication->runController('admin/team/inde...')
#13 /var/www/advertisement_simulator/yii/framework/base/CApplication.php(180): CWebApplication->processRequest()
#14 /var/www/advertisement_simulator/index.php(11): CApplication->run()
#15 {main}
REQUEST_URI=/advertisement_simulator/admin/team/index
HTTP_REFERER=http://localhost/advertisement_simulator/
---
2013/10/24 12:25:38 [error] [exception.CHttpException.400] exception 'CHttpException' with message 'Invalid request. Please do not repeat this request again.' in /var/www/advertisement_simulator/protected/modules/admin/AdminModule.php:13
Stack trace:
#0 /var/www/advertisement_simulator/yii/framework/web/CController.php(263): AdminModule->beforeControllerAction(Object(TeamController), Object(CInlineAction))
#1 /var/www/advertisement_simulator/yii/framework/web/CWebApplication.php(282): CController->run('index')
#2 /var/www/advertisement_simulator/yii/framework/web/CWebApplication.php(141): CWebApplication->runController('admin/team/inde...')
#3 /var/www/advertisement_simulator/yii/framework/base/CApplication.php(180): CWebApplication->processRequest()
#4 /var/www/advertisement_simulator/index.php(11): CApplication->run()
#5 {main}
REQUEST_URI=/advertisement_simulator/admin/team/index
---
2013/10/24 13:06:25 [error] [exception.CHttpException.400] exception 'CHttpException' with message 'Your request is invalid.' in /var/www/advertisement_simulator/yii/framework/web/CController.php:336
Stack trace:
#0 /var/www/advertisement_simulator/yii/framework/web/CController.php(309): CController->invalidActionParams(Object(CInlineAction))
#1 /var/www/advertisement_simulator/yii/framework/web/filters/CFilterChain.php(133): CController->runAction(Object(CInlineAction))
#2 /var/www/advertisement_simulator/protected/controllers/TeamController.php(18): CFilterChain->run()
#3 /var/www/advertisement_simulator/yii/framework/web/filters/CInlineFilter.php(58): TeamController->filterSetTeam(Object(CFilterChain))
#4 /var/www/advertisement_simulator/yii/framework/web/filters/CFilterChain.php(130): CInlineFilter->filter(Object(CFilterChain))
#5 /var/www/advertisement_simulator/yii/framework/web/CController.php(291): CFilterChain->run()
#6 /var/www/advertisement_simulator/yii/framework/web/CController.php(265): CController->runActionWithFilters(Object(CInlineAction), Array)
#7 /var/www/advertisement_simulator/yii/framework/web/CWebApplication.php(282): CController->run('view')
#8 /var/www/advertisement_simulator/yii/framework/web/CWebApplication.php(141): CWebApplication->runController('team/view')
#9 /var/www/advertisement_simulator/yii/framework/base/CApplication.php(180): CWebApplication->processRequest()
#10 /var/www/advertisement_simulator/index.php(11): CApplication->run()
#11 {main}
REQUEST_URI=/advertisement_simulator/team/view
HTTP_REFERER=http://localhost/advertisement_simulator/
---
2013/10/24 13:36:09 [error] [exception.CHttpException.400] exception 'CHttpException' with message 'Your request is invalid.' in /var/www/advertisement_simulator/yii/framework/web/CController.php:336
Stack trace:
#0 /var/www/advertisement_simulator/yii/framework/web/CController.php(309): CController->invalidActionParams(Object(CInlineAction))
#1 /var/www/advertisement_simulator/yii/framework/web/filters/CFilterChain.php(133): CController->runAction(Object(CInlineAction))
#2 /var/www/advertisement_simulator/protected/controllers/TeamController.php(18): CFilterChain->run()
#3 /var/www/advertisement_simulator/yii/framework/web/filters/CInlineFilter.php(58): TeamController->filterSetTeam(Object(CFilterChain))
#4 /var/www/advertisement_simulator/yii/framework/web/filters/CFilterChain.php(130): CInlineFilter->filter(Object(CFilterChain))
#5 /var/www/advertisement_simulator/yii/framework/web/CController.php(291): CFilterChain->run()
#6 /var/www/advertisement_simulator/yii/framework/web/CController.php(265): CController->runActionWithFilters(Object(CInlineAction), Array)
#7 /var/www/advertisement_simulator/yii/framework/web/CWebApplication.php(282): CController->run('view')
#8 /var/www/advertisement_simulator/yii/framework/web/CWebApplication.php(141): CWebApplication->runController('team/view')
#9 /var/www/advertisement_simulator/yii/framework/base/CApplication.php(180): CWebApplication->processRequest()
#10 /var/www/advertisement_simulator/index.php(11): CApplication->run()
#11 {main}
REQUEST_URI=/advertisement_simulator/team/view
HTTP_REFERER=http://localhost/advertisement_simulator/advertisementUnit/2
---
2013/10/24 13:42:47 [error] [php] Undefined variable: team (/var/www/advertisement_simulator/protected/controllers/AdvertisementUnitController.php:42)
Stack trace:
#0 /var/www/advertisement_simulator/yii/framework/web/actions/CInlineAction.php(47): CInlineAction->runWithParamsInternal()
#1 /var/www/advertisement_simulator/yii/framework/web/CController.php(308): CInlineAction->runWithParams()
#2 /var/www/advertisement_simulator/yii/framework/web/filters/CFilterChain.php(133): AdvertisementUnitController->runAction()
#3 /var/www/advertisement_simulator/protected/controllers/AdvertisementUnitController.php(16): CFilterChain->run()
#4 /var/www/advertisement_simulator/yii/framework/web/filters/CInlineFilter.php(58): AdvertisementUnitController->filterSetTeam()
#5 /var/www/advertisement_simulator/yii/framework/web/filters/CFilterChain.php(130): CInlineFilter->filter()
#6 /var/www/advertisement_simulator/yii/framework/web/CController.php(291): CFilterChain->run()
#7 /var/www/advertisement_simulator/yii/framework/web/CController.php(265): AdvertisementUnitController->runActionWithFilters()
#8 /var/www/advertisement_simulator/yii/framework/web/CWebApplication.php(282): AdvertisementUnitController->run()
#9 /var/www/advertisement_simulator/yii/framework/web/CWebApplication.php(141): CWebApplication->runController()
#10 /var/www/advertisement_simulator/yii/framework/base/CApplication.php(180): CWebApplication->processRequest()
#11 /var/www/advertisement_simulator/index.php(11): CWebApplication->run()
REQUEST_URI=/advertisement_simulator/advertisementUnit/buy/2
in /var/www/advertisement_simulator/protected/controllers/AdvertisementUnitController.php (42)
in /var/www/advertisement_simulator/protected/controllers/AdvertisementUnitController.php (16)
in /var/www/advertisement_simulator/index.php (11)
2013/10/24 13:52:04 [error] [exception.CHttpException.400] exception 'CHttpException' with message 'Invalid request. Please do not repeat this request again.' in /var/www/advertisement_simulator/protected/modules/admin/AdminModule.php:13
Stack trace:
#0 /var/www/advertisement_simulator/yii/framework/web/CController.php(263): AdminModule->beforeControllerAction(Object(TeamController), Object(CInlineAction))
#1 /var/www/advertisement_simulator/yii/framework/web/CWebApplication.php(282): CController->run('index')
#2 /var/www/advertisement_simulator/yii/framework/web/CWebApplication.php(141): CWebApplication->runController('admin/team/inde...')
#3 /var/www/advertisement_simulator/yii/framework/base/CApplication.php(180): CWebApplication->processRequest()
#4 /var/www/advertisement_simulator/index.php(11): CApplication->run()
#5 {main}
REQUEST_URI=/advertisement_simulator/admin/team/index
HTTP_REFERER=http://localhost/advertisement_simulator/admin/team/index
---
